# JRE version: Java(TM) SE Runtime Environment (23.0+37) (build 23+37-2369)
# Java VM: Java HotSpot(TM) 64-Bit Server VM (23+37-2369, mixed mode, sharing, tiered, compressed oops, compressed class ptrs, g1 gc, windows-amd64)
GC Precious Log:
 CardTable entry size: 512
 Card Set container configuration: InlinePtr #cards 4 size 8 Array Of Cards #cards 16 size 48 Howl #buckets 8 coarsen threshold 3686 Howl Bitmap #cards 512 size 80 coarsen threshold 460 Card regions per heap region 1 cards per card region 4096
 CPUs: 8 total, 8 available
 Memory: 14247M
 Large Page Support: Disabled
 NUMA Support: Disabled
 Compressed Oops: Enabled (Zero based)
 Heap Region Size: 2M
 Heap Min Capacity: 8M
 Heap Initial Capacity: 224M
 Heap Max Capacity: 3562M
 Pre-touch: Disabled
 Parallel Workers: 8
 Concurrent Workers: 2
 Concurrent Refinement Workers: 8
 Periodic GC: Disabled
Heap:
 garbage-first heap   total reserved 3647488K, committed 229376K, used 60292K [0x0000000721600000, 0x0000000800000000)
  region size 2048K, 26 young (53248K), 8 survivors (16384K)
 Metaspace       used 15130K, committed 15424K, reserved 1114112K
  class space    used 1751K, committed 1920K, reserved 1048576K
GC Heap History (12 events):
Event: 15.380 GC heap before
{Heap before GC invocations=0 (full 0):
 garbage-first heap   total reserved 3647488K, committed 229376K, used 22528K [0x0000000721600000, 0x0000000800000000)
  region size 2048K, 12 young (24576K), 0 survivors (0K)
 Metaspace       used 14785K, committed 15040K, reserved 1114112K
  class space    used 1739K, committed 1856K, reserved 1048576K
}
Event: 15.396 GC heap after
{Heap after GC invocations=1 (full 0):
 garbage-first heap   total reserved 3647488K, committed 229376K, used 6420K [0x0000000721600000, 0x0000000800000000)
  region size 2048K, 2 young (4096K), 2 survivors (4096K)
 Metaspace       used 14785K, committed 15040K, reserved 1114112K
  class space    used 1739K, committed 1856K, reserved 1048576K
}
Event: 15.661 GC heap before
{Heap before GC invocations=1 (full 0):
 garbage-first heap   total reserved 3647488K, committed 229376K, used 24852K [0x0000000721600000, 0x0000000800000000)
  region size 2048K, 12 young (24576K), 2 survivors (4096K)
 Metaspace       used 14830K, committed 15168K, reserved 1114112K
  class space    used 1742K, committed 1920K, reserved 1048576K
}
Event: 15.671 GC heap after
{Heap after GC invocations=2 (full 0):
 garbage-first heap   total reserved 3647488K, committed 229376K, used 10205K [0x0000000721600000, 0x0000000800000000)
  region size 2048K, 2 young (4096K), 2 survivors (4096K)
 Metaspace       used 14830K, committed 15168K, reserved 1114112K
  class space    used 1742K, committed 1920K, reserved 1048576K
}
Event: 16.177 GC heap before
{Heap before GC invocations=2 (full 0):
 garbage-first heap   total reserved 3647488K, committed 229376K, used 61405K [0x0000000721600000, 0x0000000800000000)
  region size 2048K, 28 young (57344K), 2 survivors (4096K)
 Metaspace       used 14934K, committed 15232K, reserved 1114112K
  class space    used 1751K, committed 1920K, reserved 1048576K
}
Event: 16.183 GC heap after
{Heap after GC invocations=3 (full 0):
 garbage-first heap   total reserved 3647488K, committed 229376K, used 15236K [0x0000000721600000, 0x0000000800000000)
  region size 2048K, 4 young (8192K), 4 survivors (8192K)
 Metaspace       used 14934K, committed 15232K, reserved 1114112K
  class space    used 1751K, committed 1920K, reserved 1048576K
}
Event: 16.798 GC heap before
{Heap before GC invocations=3 (full 0):
 garbage-first heap   total reserved 3647488K, committed 229376K, used 76676K [0x0000000721600000, 0x0000000800000000)
  region size 2048K, 35 young (71680K), 4 survivors (8192K)
 Metaspace       used 14997K, committed 15296K, reserved 1114112K
  class space    used 1751K, committed 1920K, reserved 1048576K
}
Event: 16.804 GC heap after
{Heap after GC invocations=4 (full 0):
 garbage-first heap   total reserved 3647488K, committed 229376K, used 19332K [0x0000000721600000, 0x0000000800000000)
  region size 2048K, 5 young (10240K), 5 survivors (10240K)
 Metaspace       used 14997K, committed 15296K, reserved 1114112K
  class space    used 1751K, committed 1920K, reserved 1048576K
}
Event: 17.671 GC heap before
{Heap before GC invocations=4 (full 0):
 garbage-first heap   total reserved 3647488K, committed 229376K, used 109444K [0x0000000721600000, 0x0000000800000000)
  region size 2048K, 50 young (102400K), 5 survivors (10240K)
 Metaspace       used 15055K, committed 15360K, reserved 1114112K
  class space    used 1751K, committed 1920K, reserved 1048576K
}
Event: 17.679 GC heap after
{Heap after GC invocations=5 (full 0):
 garbage-first heap   total reserved 3647488K, committed 229376K, used 24328K [0x0000000721600000, 0x0000000800000000)
  region size 2048K, 7 young (14336K), 7 survivors (14336K)
 Metaspace       used 15055K, committed 15360K, reserved 1114112K
  class space    used 1751K, committed 1920K, reserved 1048576K
}
Event: 19.573 GC heap before
{Heap before GC invocations=5 (full 0):
 garbage-first heap   total reserved 3647488K, committed 229376K, used 134920K [0x0000000721600000, 0x0000000800000000)
  region size 2048K, 62 young (126976K), 7 survivors (14336K)
 Metaspace       used 15105K, committed 15424K, reserved 1114112K
  class space    used 1751K, committed 1920K, reserved 1048576K
}
Event: 19.582 GC heap after
{Heap after GC invocations=6 (full 0):
 garbage-first heap   total reserved 3647488K, committed 229376K, used 27524K [0x0000000721600000, 0x0000000800000000)
  region size 2048K, 8 young (16384K), 8 survivors (16384K)
 Metaspace       used 15105K, committed 15424K, reserved 1114112K
  class space    used 1751K, committed 1920K, reserved 1048576K
}

