# JRE version: Java(TM) SE Runtime Environment (23.0.1+11) (build 23.0.1+11-39)
# Java VM: Java HotSpot(TM) 64-Bit Server VM (23.0.1+11-39, mixed mode, sharing, tiered, compressed oops, compressed class ptrs, g1 gc, windows-amd64)
GC Precious Log:
 CardTable entry size: 512
 Card Set container configuration: InlinePtr #cards 4 size 8 Array Of Cards #cards 16 size 48 Howl #buckets 8 coarsen threshold 3686 Howl Bitmap #cards 512 size 80 coarsen threshold 460 Card regions per heap region 1 cards per card region 4096
 CPUs: 8 total, 8 available
 Memory: 14247M
 Large Page Support: Disabled
 NUMA Support: Disabled
 Compressed Oops: Enabled (Zero based)
 Heap Region Size: 2M
 Heap Min Capacity: 8M
 Heap Initial Capacity: 224M
 Heap Max Capacity: 3562M
 Pre-touch: Disabled
 Parallel Workers: 8
 Concurrent Workers: 2
 Concurrent Refinement Workers: 8
 Periodic GC: Disabled
Heap:
 garbage-first heap   total reserved 3647488K, committed 229376K, used 131520K [0x0000000721600000, 0x0000000800000000)
  region size 2048K, 64 young (131072K), 8 survivors (16384K)
 Metaspace       used 15581K, committed 15872K, reserved 1114112K
  class space    used 1789K, committed 1920K, reserved 1048576K
GC Heap History (14 events):
Event: 26.850 GC heap before
{Heap before GC invocations=0 (full 0):
 garbage-first heap   total reserved 3647488K, committed 229376K, used 24576K [0x0000000721600000, 0x0000000800000000)
  region size 2048K, 12 young (24576K), 0 survivors (0K)
 Metaspace       used 14664K, committed 14912K, reserved 1114112K
  class space    used 1713K, committed 1856K, reserved 1048576K
}
Event: 26.858 GC heap after
{Heap after GC invocations=1 (full 0):
 garbage-first heap   total reserved 3647488K, committed 229376K, used 5348K [0x0000000721600000, 0x0000000800000000)
  region size 2048K, 2 young (4096K), 2 survivors (4096K)
 Metaspace       used 14664K, committed 14912K, reserved 1114112K
  class space    used 1713K, committed 1856K, reserved 1048576K
}
Event: 28.212 GC heap before
{Heap before GC invocations=1 (full 0):
 garbage-first heap   total reserved 3647488K, committed 229376K, used 23780K [0x0000000721600000, 0x0000000800000000)
  region size 2048K, 12 young (24576K), 2 survivors (4096K)
 Metaspace       used 15167K, committed 15424K, reserved 1114112K
  class space    used 1776K, committed 1856K, reserved 1048576K
}
Event: 28.217 GC heap after
{Heap after GC invocations=2 (full 0):
 garbage-first heap   total reserved 3647488K, committed 229376K, used 7152K [0x0000000721600000, 0x0000000800000000)
  region size 2048K, 1 young (2048K), 1 survivors (2048K)
 Metaspace       used 15167K, committed 15424K, reserved 1114112K
  class space    used 1776K, committed 1856K, reserved 1048576K
}
Event: 31.492 GC heap before
{Heap before GC invocations=2 (full 0):
 garbage-first heap   total reserved 3647488K, committed 229376K, used 66544K [0x0000000721600000, 0x0000000800000000)
  region size 2048K, 31 young (63488K), 1 survivors (2048K)
 Metaspace       used 15302K, committed 15552K, reserved 1114112K
  class space    used 1789K, committed 1920K, reserved 1048576K
}
Event: 31.494 GC heap after
{Heap after GC invocations=3 (full 0):
 garbage-first heap   total reserved 3647488K, committed 229376K, used 11755K [0x0000000721600000, 0x0000000800000000)
  region size 2048K, 3 young (6144K), 3 survivors (6144K)
 Metaspace       used 15302K, committed 15552K, reserved 1114112K
  class space    used 1789K, committed 1920K, reserved 1048576K
}
Event: 35.780 GC heap before
{Heap before GC invocations=3 (full 0):
 garbage-first heap   total reserved 3647488K, committed 229376K, used 81387K [0x0000000721600000, 0x0000000800000000)
  region size 2048K, 38 young (77824K), 3 survivors (6144K)
 Metaspace       used 15333K, committed 15616K, reserved 1114112K
  class space    used 1789K, committed 1920K, reserved 1048576K
}
Event: 35.782 GC heap after
{Heap after GC invocations=4 (full 0):
 garbage-first heap   total reserved 3647488K, committed 229376K, used 14784K [0x0000000721600000, 0x0000000800000000)
  region size 2048K, 5 young (10240K), 5 survivors (10240K)
 Metaspace       used 15333K, committed 15616K, reserved 1114112K
  class space    used 1789K, committed 1920K, reserved 1048576K
}
Event: 40.356 GC heap before
{Heap before GC invocations=4 (full 0):
 garbage-first heap   total reserved 3647488K, committed 229376K, used 115136K [0x0000000721600000, 0x0000000800000000)
  region size 2048K, 55 young (112640K), 5 survivors (10240K)
 Metaspace       used 15382K, committed 15680K, reserved 1114112K
  class space    used 1789K, committed 1920K, reserved 1048576K
}
Event: 40.360 GC heap after
{Heap after GC invocations=5 (full 0):
 garbage-first heap   total reserved 3647488K, committed 229376K, used 18880K [0x0000000721600000, 0x0000000800000000)
  region size 2048K, 7 young (14336K), 7 survivors (14336K)
 Metaspace       used 15382K, committed 15680K, reserved 1114112K
  class space    used 1789K, committed 1920K, reserved 1048576K
}
Event: 46.836 GC heap before
{Heap before GC invocations=5 (full 0):
 garbage-first heap   total reserved 3647488K, committed 229376K, used 135616K [0x0000000721600000, 0x0000000800000000)
  region size 2048K, 65 young (133120K), 7 survivors (14336K)
 Metaspace       used 15414K, committed 15680K, reserved 1114112K
  class space    used 1789K, committed 1920K, reserved 1048576K
}
Event: 46.840 GC heap after
{Heap after GC invocations=6 (full 0):
 garbage-first heap   total reserved 3647488K, committed 229376K, used 19780K [0x0000000721600000, 0x0000000800000000)
  region size 2048K, 7 young (14336K), 7 survivors (14336K)
 Metaspace       used 15414K, committed 15680K, reserved 1114112K
  class space    used 1789K, committed 1920K, reserved 1048576K
}
Event: 55.315 GC heap before
{Heap before GC invocations=6 (full 0):
 garbage-first heap   total reserved 3647488K, committed 229376K, used 140612K [0x0000000721600000, 0x0000000800000000)
  region size 2048K, 67 young (137216K), 7 survivors (14336K)
 Metaspace       used 15515K, committed 15744K, reserved 1114112K
  class space    used 1789K, committed 1920K, reserved 1048576K
}
Event: 55.319 GC heap after
{Heap after GC invocations=7 (full 0):
 garbage-first heap   total reserved 3647488K, committed 229376K, used 20928K [0x0000000721600000, 0x0000000800000000)
  region size 2048K, 8 young (16384K), 8 survivors (16384K)
 Metaspace       used 15515K, committed 15744K, reserved 1114112K
  class space    used 1789K, committed 1920K, reserved 1048576K
}

