# JRE version: Java(TM) SE Runtime Environment (23.0+37) (build 23+37-2369)
# Java VM: Java HotSpot(TM) 64-Bit Server VM (23+37-2369, mixed mode, sharing, tiered, compressed oops, compressed class ptrs, g1 gc, windows-amd64)
GC Precious Log:
 CardTable entry size: 512
 Card Set container configuration: InlinePtr #cards 4 size 8 Array Of Cards #cards 16 size 48 Howl #buckets 8 coarsen threshold 3686 Howl Bitmap #cards 512 size 80 coarsen threshold 460 Card regions per heap region 1 cards per card region 4096
 CPUs: 8 total, 8 available
 Memory: 14273M
 Large Page Support: Disabled
 NUMA Support: Disabled
 Compressed Oops: Enabled (Zero based)
 Heap Region Size: 2M
 Heap Min Capacity: 8M
 Heap Initial Capacity: 224M
 Heap Max Capacity: 3570M
 Pre-touch: Disabled
 Parallel Workers: 8
 Concurrent Workers: 2
 Concurrent Refinement Workers: 8
 Periodic GC: Disabled
Heap:
 garbage-first heap   total reserved 3655680K, committed 229376K, used 72332K [0x0000000720e00000, 0x0000000800000000)
  region size 2048K, 31 young (63488K), 8 survivors (16384K)
 Metaspace       used 18757K, committed 19072K, reserved 1114112K
  class space    used 2109K, committed 2240K, reserved 1048576K
GC Heap History (14 events):
Event: 16.010 GC heap before
{Heap before GC invocations=0 (full 0):
 garbage-first heap   total reserved 3655680K, committed 229376K, used 24576K [0x0000000720e00000, 0x0000000800000000)
  region size 2048K, 12 young (24576K), 0 survivors (0K)
 Metaspace       used 16197K, committed 16448K, reserved 1114112K
  class space    used 1847K, committed 1920K, reserved 1048576K
}
Event: 16.020 GC heap after
{Heap after GC invocations=1 (full 0):
 garbage-first heap   total reserved 3655680K, committed 229376K, used 6224K [0x0000000720e00000, 0x0000000800000000)
  region size 2048K, 2 young (4096K), 2 survivors (4096K)
 Metaspace       used 16197K, committed 16448K, reserved 1114112K
  class space    used 1847K, committed 1920K, reserved 1048576K
}
Event: 18.635 GC heap before
{Heap before GC invocations=1 (full 0):
 garbage-first heap   total reserved 3655680K, committed 229376K, used 24656K [0x0000000720e00000, 0x0000000800000000)
  region size 2048K, 12 young (24576K), 2 survivors (4096K)
 Metaspace       used 17823K, committed 18048K, reserved 1114112K
  class space    used 2044K, committed 2176K, reserved 1048576K
}
Event: 18.641 GC heap after
{Heap after GC invocations=2 (full 0):
 garbage-first heap   total reserved 3655680K, committed 229376K, used 13188K [0x0000000720e00000, 0x0000000800000000)
  region size 2048K, 2 young (4096K), 2 survivors (4096K)
 Metaspace       used 17823K, committed 18048K, reserved 1114112K
  class space    used 2044K, committed 2176K, reserved 1048576K
}
Event: 21.357 GC heap before
{Heap before GC invocations=2 (full 0):
 garbage-first heap   total reserved 3655680K, committed 229376K, used 64388K [0x0000000720e00000, 0x0000000800000000)
  region size 2048K, 28 young (57344K), 2 survivors (4096K)
 Metaspace       used 18320K, committed 18560K, reserved 1114112K
  class space    used 2108K, committed 2240K, reserved 1048576K
}
Event: 21.362 GC heap after
{Heap after GC invocations=3 (full 0):
 garbage-first heap   total reserved 3655680K, committed 229376K, used 20232K [0x0000000720e00000, 0x0000000800000000)
  region size 2048K, 4 young (8192K), 4 survivors (8192K)
 Metaspace       used 18320K, committed 18560K, reserved 1114112K
  class space    used 2108K, committed 2240K, reserved 1048576K
}
Event: 26.809 GC heap before
{Heap before GC invocations=3 (full 0):
 garbage-first heap   total reserved 3655680K, committed 229376K, used 81672K [0x0000000720e00000, 0x0000000800000000)
  region size 2048K, 35 young (71680K), 4 survivors (8192K)
 Metaspace       used 18424K, committed 18688K, reserved 1114112K
  class space    used 2109K, committed 2240K, reserved 1048576K
}
Event: 26.813 GC heap after
{Heap after GC invocations=4 (full 0):
 garbage-first heap   total reserved 3655680K, committed 229376K, used 19084K [0x0000000720e00000, 0x0000000800000000)
  region size 2048K, 4 young (8192K), 4 survivors (8192K)
 Metaspace       used 18424K, committed 18688K, reserved 1114112K
  class space    used 2109K, committed 2240K, reserved 1048576K
}
Event: 35.428 GC heap before
{Heap before GC invocations=4 (full 0):
 garbage-first heap   total reserved 3655680K, committed 229376K, used 117388K [0x0000000720e00000, 0x0000000800000000)
  region size 2048K, 53 young (108544K), 4 survivors (8192K)
 Metaspace       used 18485K, committed 18752K, reserved 1114112K
  class space    used 2109K, committed 2240K, reserved 1048576K
}
Event: 35.431 GC heap after
{Heap after GC invocations=5 (full 0):
 garbage-first heap   total reserved 3655680K, committed 229376K, used 24080K [0x0000000720e00000, 0x0000000800000000)
  region size 2048K, 6 young (12288K), 6 survivors (12288K)
 Metaspace       used 18485K, committed 18752K, reserved 1114112K
  class space    used 2109K, committed 2240K, reserved 1048576K
}
Event: 42.833 GC heap before
{Heap before GC invocations=5 (full 0):
 garbage-first heap   total reserved 3655680K, committed 229376K, used 134672K [0x0000000720e00000, 0x0000000800000000)
  region size 2048K, 61 young (124928K), 6 survivors (12288K)
 Metaspace       used 18599K, committed 18816K, reserved 1114112K
  class space    used 2109K, committed 2240K, reserved 1048576K
}
Event: 42.838 GC heap after
{Heap after GC invocations=6 (full 0):
 garbage-first heap   total reserved 3655680K, committed 229376K, used 30472K [0x0000000720e00000, 0x0000000800000000)
  region size 2048K, 8 young (16384K), 8 survivors (16384K)
 Metaspace       used 18599K, committed 18816K, reserved 1114112K
  class space    used 2109K, committed 2240K, reserved 1048576K
}
Event: 51.316 GC heap before
{Heap before GC invocations=6 (full 0):
 garbage-first heap   total reserved 3655680K, committed 229376K, used 149256K [0x0000000720e00000, 0x0000000800000000)
  region size 2048K, 67 young (137216K), 8 survivors (16384K)
 Metaspace       used 18722K, committed 19008K, reserved 1114112K
  class space    used 2109K, committed 2240K, reserved 1048576K
}
Event: 51.320 GC heap after
{Heap after GC invocations=7 (full 0):
 garbage-first heap   total reserved 3655680K, committed 229376K, used 29324K [0x0000000720e00000, 0x0000000800000000)
  region size 2048K, 8 young (16384K), 8 survivors (16384K)
 Metaspace       used 18722K, committed 19008K, reserved 1114112K
  class space    used 2109K, committed 2240K, reserved 1048576K
}

